<?xml version="1.0" encoding="UTF-8"?>
<!-- Generated by org.testng.reporters.JUnitReportReporter -->
<testsuite hostname="IND03563" failures="0" tests="2" name="com.actitime.test.VerifyVersionTest" time="26.649" errors="0" timestamp="29 Nov 2018 18:13:07 GMT" skipped="0">
  <testcase classname="com.actitime.test.VerifyVersionTest" name="testVerifyVersion" time="17.666"/>
  <testcase classname="com.actitime.test.VerifyVersionTest" name="testVerifyVersion" time="8.983"/>
</testsuite> <!-- com.actitime.test.VerifyVersionTest -->
