<?xml version="1.0" encoding="UTF-8"?>
<!-- Generated by org.testng.reporters.JUnitReportReporter -->
<testsuite hostname="IND03563" failures="0" tests="2" name="com.actitime.test.InvalidLoginTest" time="55.963" errors="0" timestamp="29 Nov 2018 18:13:07 GMT" skipped="0">
  <testcase classname="com.actitime.test.InvalidLoginTest" name="testInvalidLogin" time="23.780"/>
  <testcase classname="com.actitime.test.InvalidLoginTest" name="testInvalidLogin" time="32.183"/>
</testsuite> <!-- com.actitime.test.InvalidLoginTest -->
